# JRE version: Java(TM) SE Runtime Environment 18.9 (11.0.19+9) (build 11.0.19+9-LTS-224)
# Java VM: Java HotSpot(TM) 64-Bit Server VM 18.9 (11.0.19+9-LTS-224, mixed mode, tiered, compressed oops, g1 gc, windows-amd64)
Heap:
 garbage-first heap   total 258048K, used 39848K [0x0000000704000000, 0x0000000800000000)
  region size 1024K, 36 young (36864K), 9 survivors (9216K)
 Metaspace       used 31011K, capacity 31602K, committed 31872K, reserved 1077248K
  class space    used 3449K, capacity 3650K, committed 3712K, reserved 1048576K
GC Heap History (6 events):
Event: 0.543 GC heap before
{Heap before GC invocations=0 (full 0):
 garbage-first heap   total 258048K, used 23552K [0x0000000704000000, 0x0000000800000000)
  region size 1024K, 24 young (24576K), 0 survivors (0K)
 Metaspace       used 13120K, capacity 13335K, committed 13568K, reserved 1060864K
  class space    used 1361K, capacity 1449K, committed 1536K, reserved 1048576K
}
Event: 0.548 GC heap after
{Heap after GC invocations=1 (full 0):
 garbage-first heap   total 258048K, used 3698K [0x0000000704000000, 0x0000000800000000)
  region size 1024K, 3 young (3072K), 3 survivors (3072K)
 Metaspace       used 13120K, capacity 13335K, committed 13568K, reserved 1060864K
  class space    used 1361K, capacity 1449K, committed 1536K, reserved 1048576K
}
Event: 1.397 GC heap before
{Heap before GC invocations=1 (full 0):
 garbage-first heap   total 258048K, used 55922K [0x0000000704000000, 0x0000000800000000)
  region size 1024K, 55 young (56320K), 3 survivors (3072K)
 Metaspace       used 20775K, capacity 21127K, committed 21248K, reserved 1069056K
  class space    used 2328K, capacity 2463K, committed 2560K, reserved 1048576K
}
Event: 1.403 GC heap after
{Heap after GC invocations=2 (full 0):
 garbage-first heap   total 258048K, used 6899K [0x0000000704000000, 0x0000000800000000)
  region size 1024K, 7 young (7168K), 7 survivors (7168K)
 Metaspace       used 20775K, capacity 21127K, committed 21248K, reserved 1069056K
  class space    used 2328K, capacity 2463K, committed 2560K, reserved 1048576K
}
Event: 2.457 GC heap before
{Heap before GC invocations=3 (full 0):
 garbage-first heap   total 258048K, used 69363K [0x0000000704000000, 0x0000000800000000)
  region size 1024K, 68 young (69632K), 7 survivors (7168K)
 Metaspace       used 23565K, capacity 24064K, committed 24320K, reserved 1071104K
  class space    used 2577K, capacity 2760K, committed 2816K, reserved 1048576K
}
Event: 2.468 GC heap after
{Heap after GC invocations=4 (full 0):
 garbage-first heap   total 258048K, used 13224K [0x0000000704000000, 0x0000000800000000)
  region size 1024K, 9 young (9216K), 9 survivors (9216K)
 Metaspace       used 23565K, capacity 24064K, committed 24320K, reserved 1071104K
  class space    used 2577K, capacity 2760K, committed 2816K, reserved 1048576K
}

